<?xml version="1.0" encoding="UTF-8"?>
<!-- Generated by org.testng.reporters.JUnitReportReporter -->
<testsuite hostname="JATIN-PC" name="LoginPage.HomepageTest" tests="1" failures="0" timestamp="3 Oct 2020 16:09:07 GMT" time="0.054" errors="0">
  <testcase name="Homepage_ValidateTitle_04" time="0.054" classname="LoginPage.HomepageTest"/>
</testsuite> <!-- LoginPage.HomepageTest -->
